<?xml version="1.0" encoding="utf-8"?><testsuites name="pytest tests"><testsuite name="pytest" errors="0" failures="0" skipped="0" tests="18" time="0.517" timestamp="2026-06-30T15:17:17.400796+00:00" hostname="agent-env-7a778524-3479-4ede-a5ac-0cfa92173160"><testcase classname="tests.test_adopt_on_start" name="test_on_start_with_broker_short_sets_pending_adoption" time="0.001" /><testcase classname="tests.test_adopt_on_start" name="test_entries_blocked_true_when_pending_adoption_set" time="0.000" /><testcase classname="tests.test_adopt_on_start" name="test_entries_blocked_false_when_no_pending_adoption" time="0.000" /><testcase classname="tests.test_adopt_on_start" name="test_entries_blocked_still_true_when_pending_adoption_declined" time="0.000" /><testcase classname="tests.test_adopt_on_start" name="test_adopt_confirm_short_promotes_to_engine_position" time="0.001" /><testcase classname="tests.test_adopt_on_start" name="test_adopt_decline_keeps_block_and_no_position" time="0.001" /><testcase classname="tests.test_adopt_on_start" name="test_on_start_with_broker_long_blocks_trading" time="0.001" /><testcase classname="tests.test_adopt_on_start" name="test_adopt_confirm_long_rejected" time="0.000" /><testcase classname="tests.test_adopt_on_start" name="test_on_start_with_broker_flat_proceeds_normally" time="0.001" /><testcase classname="tests.test_adopt_on_start" name="test_adopt_with_no_pending_returns_error" time="0.000" /><testcase classname="tests.test_adopt_on_start" name="test_reset_clears_pending_adoption" time="0.000" /><testcase classname="tests.test_adopt_on_start" name="test_snapshot_includes_pending_adoption_key" time="0.000" /><testcase classname="tests.test_adopt_on_start" name="test_snapshot_pending_adoption_is_none_by_default" time="0.000" /><testcase classname="tests.test_adopt_on_start" name="test_snapshot_has_all_legacy_keys" time="0.000" /><testcase classname="tests.test_adopt_on_start" name="test_api_state_includes_pending_adoption" time="0.004" /><testcase classname="tests.test_adopt_on_start" name="test_api_bot_adopt_routes_to_engine" time="0.002" /><testcase classname="tests.test_adopt_on_start" name="test_api_bot_adopt_decline" time="0.002" /><testcase classname="tests.test_adopt_on_start" name="test_api_bot_adopt_no_pending" time="0.002" /></testsuite></testsuites>