<?xml version="1.0" encoding="utf-8"?><testsuites name="pytest tests"><testsuite name="pytest" errors="0" failures="1" skipped="0" tests="14" time="1.406" timestamp="2026-06-25T12:40:42.364981+00:00" hostname="agent-env-7a778524-3479-4ede-a5ac-0cfa92173160"><testcase classname="backend.tests.test_market_freeze.TestMarketOpenWindow" name="test_market_open_truth_table[mon-09:14:59-ist_dt0-False]" time="0.001" /><testcase classname="backend.tests.test_market_freeze.TestMarketOpenWindow" name="test_market_open_truth_table[mon-09:15:00-ist_dt1-True]" time="0.000" /><testcase classname="backend.tests.test_market_freeze.TestMarketOpenWindow" name="test_market_open_truth_table[mon-12:00:00-ist_dt2-True]" time="0.000" /><testcase classname="backend.tests.test_market_freeze.TestMarketOpenWindow" name="test_market_open_truth_table[mon-15:30:00-ist_dt3-True]" time="0.000" /><testcase classname="backend.tests.test_market_freeze.TestMarketOpenWindow" name="test_market_open_truth_table[mon-15:30:01-ist_dt4-False]" time="0.000" /><testcase classname="backend.tests.test_market_freeze.TestMarketOpenWindow" name="test_market_open_truth_table[mon-15:31:00-ist_dt5-False]" time="0.000" /><testcase classname="backend.tests.test_market_freeze.TestMarketOpenWindow" name="test_market_open_truth_table[mon-00:30:00-ist_dt6-False]" time="0.000" /><testcase classname="backend.tests.test_market_freeze.TestMarketOpenWindow" name="test_market_open_truth_table[fri-10:00:00-ist_dt7-True]" time="0.000" /><testcase classname="backend.tests.test_market_freeze.TestMarketOpenWindow" name="test_market_open_truth_table[sat-10:00:00-ist_dt8-False]" time="0.000" /><testcase classname="backend.tests.test_market_freeze.TestMarketOpenWindow" name="test_market_open_truth_table[sun-12:00:00-ist_dt9-False]" time="0.000" /><testcase classname="backend.tests.test_market_freeze.TestMarketClosedFreeze" name="test_freeze_holds_position_no_bricks_no_orders" time="0.403" /><testcase classname="backend.tests.test_market_freeze.TestMarketOpenPathNoEntry" name="test_open_path_updates_ticks_without_placing_orders" time="0.303" /><testcase classname="backend.tests.test_market_freeze.TestLtpGarbageGuard" name="test_zero_and_none_ltp_do_not_update_price" time="0.002"><failure message="AssertionError: ltp=0 must be ignored (garbage guard)&#10;assert 0 != 0&#10; +  where 0 = &lt;server.TradingEngine object at 0xfd4f1cf66d50&gt;.price">backend/tests/test_market_freeze.py:261: in test_zero_and_none_ltp_do_not_update_price
    assert engine.price != 0, "ltp=0 must be ignored (garbage guard)"
E   AssertionError: ltp=0 must be ignored (garbage guard)
E   assert 0 != 0
E    +  where 0 = &lt;server.TradingEngine object at 0xfd4f1cf66d50&gt;.price</failure></testcase><testcase classname="backend.tests.test_market_freeze.TestStateMarketOpenField" name="test_state_has_market_open_boolean" time="0.258" /></testsuite></testsuites>