<?xml version="1.0" encoding="utf-8"?><testsuites name="pytest tests"><testsuite name="pytest" errors="0" failures="0" skipped="0" tests="16" time="0.433" timestamp="2026-06-30T10:00:12.948206+00:00" hostname="agent-env-7a778524-3479-4ede-a5ac-0cfa92173160"><testcase classname="tests.test_expiry_auto_roll.TestRollToNext" name="test_roll_picks_strictly_later_expiry" time="0.001" /><testcase classname="tests.test_expiry_auto_roll.TestRollToNext" name="test_roll_does_not_pick_current_or_earlier" time="0.000" /><testcase classname="tests.test_expiry_auto_roll.TestRollToNext" name="test_roll_no_next_available" time="0.000" /><testcase classname="tests.test_expiry_auto_roll.TestRollToNext" name="test_roll_ignores_other_underlyings" time="0.000" /><testcase classname="tests.test_expiry_auto_roll.TestRollToNext" name="test_roll_empty_futures_cache" time="0.000" /><testcase classname="tests.test_expiry_auto_roll.TestMaybeAutoRoll" name="test_rolls_on_expiry_day_after_cutoff_when_flat" time="0.003" /><testcase classname="tests.test_expiry_auto_roll.TestMaybeAutoRoll" name="test_does_not_roll_when_position_open" time="0.000" /><testcase classname="tests.test_expiry_auto_roll.TestMaybeAutoRoll" name="test_does_not_roll_when_pending_exit" time="0.000" /><testcase classname="tests.test_expiry_auto_roll.TestMaybeAutoRoll" name="test_does_not_roll_when_pending_entry" time="0.000" /><testcase classname="tests.test_expiry_auto_roll.TestMaybeAutoRoll" name="test_does_not_roll_on_expiry_day_before_cutoff" time="0.001" /><testcase classname="tests.test_expiry_auto_roll.TestMaybeAutoRoll" name="test_rolls_day_after_expiry" time="0.001" /><testcase classname="tests.test_expiry_auto_roll.TestMaybeAutoRoll" name="test_does_not_roll_when_auto_roll_disabled" time="0.000" /><testcase classname="tests.test_expiry_auto_roll.TestEntriesBlocked" name="test_blocked_on_expiry_day_after_cutoff" time="0.000" /><testcase classname="tests.test_expiry_auto_roll.TestEntriesBlocked" name="test_not_blocked_after_roll_next_month_contract" time="0.000" /><testcase classname="tests.test_expiry_auto_roll.TestEntriesBlocked" name="test_blocked_when_breaker_tripped" time="0.000" /><testcase classname="tests.test_expiry_auto_roll.TestStateRegression" name="test_get_state_returns_legacy_keys" time="0.003" /></testsuite></testsuites>