<?xml version="1.0" encoding="utf-8"?><testsuites name="pytest tests"><testsuite name="pytest" errors="0" failures="0" skipped="0" tests="5" time="8.359" timestamp="2026-06-25T04:16:27.164840+00:00" hostname="agent-env-7a778524-3479-4ede-a5ac-0cfa92173160"><testcase classname="backend.tests.test_broker_pnl.TestBrokerPnlShape" name="test_state_200" time="0.151" /><testcase classname="backend.tests.test_broker_pnl.TestBrokerPnlShape" name="test_state_has_risk_broker_pnl" time="0.103" /><testcase classname="backend.tests.test_broker_pnl.TestBrokerPnlShape" name="test_state_day_pnl_and_max_loss_still_present" time="0.102" /><testcase classname="backend.tests.test_broker_pnl.TestBrokerPnlSynced" name="test_synced_when_broker_connected" time="1.696" /><testcase classname="backend.tests.test_broker_pnl.TestBrokerPnlThrottle" name="test_repeated_state_calls_no_500" time="6.239" /></testsuite></testsuites>