<?xml version="1.0" encoding="utf-8"?><testsuites name="pytest tests"><testsuite name="pytest" errors="0" failures="0" skipped="0" tests="7" time="3.524" timestamp="2026-06-25T15:31:00.804004+00:00" hostname="agent-env-7a778524-3479-4ede-a5ac-0cfa92173160"><testcase classname="backend.tests.test_session_health_guard.TestDiscFlagInit" name="test_disc_flagged_is_false_at_init" time="0.000" /><testcase classname="backend.tests.test_session_health_guard.TestDisconnectedPause" name="test_pause_no_orders_no_bricks_position_held" time="0.804" /><testcase classname="backend.tests.test_session_health_guard.TestNoDuplicateDisconnectedAlerts" name="test_only_one_disconnected_alert_set" time="0.802" /><testcase classname="backend.tests.test_session_health_guard.TestReconnectResume" name="test_reconnect_clears_flag_and_resumes" time="0.404" /><testcase classname="backend.tests.test_session_health_guard.TestReconnectResume" name="test_single_reconnect_alert_on_transition" time="0.602" /><testcase classname="backend.tests.test_session_health_guard.TestMarketClosedRegression" name="test_market_closed_freeze_unaffected" time="0.302" /><testcase classname="backend.tests.test_session_health_guard.TestStateEndpointRegression" name="test_state_returns_200_with_legacy_keys" time="0.191" /></testsuite></testsuites>