<?xml version="1.0" encoding="utf-8"?><testsuites name="pytest tests"><testsuite name="pytest" errors="0" failures="1" skipped="0" tests="21" time="1.337" timestamp="2026-06-25T04:44:08.106731+00:00" hostname="agent-env-7a778524-3479-4ede-a5ac-0cfa92173160"><testcase classname="backend.tests.test_security_fixes.TestSec002Masking" name="test_state_returns_200_with_full_structure" time="0.171" /><testcase classname="backend.tests.test_security_fixes.TestSec002Masking" name="test_angel_client_code_is_masked" time="0.044" /><testcase classname="backend.tests.test_security_fixes.TestSec002Masking" name="test_angel_error_has_no_secrets_or_urls" time="0.043" /><testcase classname="backend.tests.test_security_fixes.TestSec003ManualOrderCap" name="test_oversized_qty_rejected_pre_broker[999999]" time="0.045" /><testcase classname="backend.tests.test_security_fixes.TestSec003ManualOrderCap" name="test_oversized_qty_rejected_pre_broker[5001]" time="0.043" /><testcase classname="backend.tests.test_security_fixes.TestSec003ManualOrderCap" name="test_oversized_qty_rejected_pre_broker[10000]" time="0.043" /><testcase classname="backend.tests.test_security_fixes.TestSec003ManualOrderCap" name="test_nonpositive_qty_rejected[0]" time="0.057"><failure message="AssertionError: assert 'qty must be between 1 and 5000' in 'broker not connected'&#10; +  where 'broker not connected' = &lt;built-in method get of dict object at 0xfe483223c980&gt;('message', '')&#10; +    where &lt;built-in method get of dict object at 0xfe483223c980&gt; = {'ok': False, 'message': 'broker not connected', 'note': 'Broker reject: broker not connected'}.get">backend/tests/test_security_fixes.py:105: in test_nonpositive_qty_rejected
    assert "qty must be between 1 and 5000" in data.get("message", "")
E   AssertionError: assert 'qty must be between 1 and 5000' in 'broker not connected'
E    +  where 'broker not connected' = &lt;built-in method get of dict object at 0xfe483223c980&gt;('message', '')
E    +    where &lt;built-in method get of dict object at 0xfe483223c980&gt; = {'ok': False, 'message': 'broker not connected', 'note': 'Broker reject: broker not connected'}.get</failure></testcase><testcase classname="backend.tests.test_security_fixes.TestSec003ManualOrderCap" name="test_nonpositive_qty_rejected[-5]" time="0.043" /><testcase classname="backend.tests.test_security_fixes.TestSec003ManualOrderCap" name="test_non_numeric_qty_rejected" time="0.046" /><testcase classname="backend.tests.test_security_fixes.TestSec003ManualOrderCap" name="test_invalid_side_rejected" time="0.043" /><testcase classname="backend.tests.test_security_fixes.TestSec003SettingsBounds" name="test_out_of_range_returns_422[payload0]" time="0.045" /><testcase classname="backend.tests.test_security_fixes.TestSec003SettingsBounds" name="test_out_of_range_returns_422[payload1]" time="0.043" /><testcase classname="backend.tests.test_security_fixes.TestSec003SettingsBounds" name="test_out_of_range_returns_422[payload2]" time="0.043" /><testcase classname="backend.tests.test_security_fixes.TestSec003SettingsBounds" name="test_out_of_range_returns_422[payload3]" time="0.042" /><testcase classname="backend.tests.test_security_fixes.TestSec003SettingsBounds" name="test_out_of_range_returns_422[payload4]" time="0.054" /><testcase classname="backend.tests.test_security_fixes.TestSec003SettingsBounds" name="test_out_of_range_returns_422[payload5]" time="0.042" /><testcase classname="backend.tests.test_security_fixes.TestSec003SettingsBounds" name="test_out_of_range_returns_422[payload6]" time="0.042" /><testcase classname="backend.tests.test_security_fixes.TestSec003SettingsBounds" name="test_out_of_range_returns_422[payload7]" time="0.042" /><testcase classname="backend.tests.test_security_fixes.TestSec003SettingsBounds" name="test_out_of_range_returns_422[payload8]" time="0.044" /><testcase classname="backend.tests.test_security_fixes.TestSec003SettingsBounds" name="test_out_of_range_returns_422[payload9]" time="0.043" /><testcase classname="backend.tests.test_security_fixes.TestSec003SettingsBounds" name="test_valid_buffer_points_succeeds" time="0.215" /></testsuite></testsuites>