<?xml version="1.0" encoding="utf-8"?><testsuites name="pytest tests"><testsuite name="pytest" errors="0" failures="0" skipped="0" tests="8" time="87.574" timestamp="2026-06-21T02:52:28.399454+00:00" hostname="agent-env-7a778524-3479-4ede-a5ac-0cfa92173160"><testcase classname="backend.tests.test_renko_bot.TestState" name="test_state_keys" time="0.334" /><testcase classname="backend.tests.test_renko_bot.TestSettings" name="test_update_settings" time="0.103" /><testcase classname="backend.tests.test_renko_bot.TestBotStartPriceMoves" name="test_start_and_price_change" time="5.146" /><testcase classname="backend.tests.test_renko_bot.TestBricksBuild" name="test_bricks_grow" time="16.695" /><testcase classname="backend.tests.test_renko_bot.TestStrategyFlow" name="test_short_entry_buffer_and_exit" time="57.786" /><testcase classname="backend.tests.test_renko_bot.TestOrderRetry" name="test_all_orders_eventually_complete" time="7.094" /><testcase classname="backend.tests.test_renko_bot.TestAngelConfig" name="test_angel_remains_demo" time="0.089" /><testcase classname="backend.tests.test_renko_bot.TestReset" name="test_reset_clears" time="0.191" /></testsuite></testsuites>