<?xml version="1.0" encoding="utf-8"?><testsuites name="pytest tests"><testsuite name="pytest" errors="0" failures="0" skipped="2" tests="12" time="66.816" timestamp="2026-06-24T01:05:58.184875+00:00" hostname="agent-env-7a778524-3479-4ede-a5ac-0cfa92173160"><testcase classname="backend.tests.test_feature_batch.TestTradeMode" name="test_set_paper_mode" time="0.522" /><testcase classname="backend.tests.test_feature_batch.TestTradeMode" name="test_set_live_mode_returns_well_formed_json" time="0.205" /><testcase classname="backend.tests.test_feature_batch.TestTradeMode" name="test_state_top_level_mode_field" time="0.131" /><testcase classname="backend.tests.test_feature_batch.TestReconcile" name="test_reconcile_shape" time="0.120" /><testcase classname="backend.tests.test_feature_batch.TestReconcile" name="test_reconcile_good_when_flat_and_connected" time="0.354"><skipped type="pytest.skip" message="Broker not available: Angel One not connected.">/app/backend/tests/test_feature_batch.py:89: Broker not available: Angel One not connected.</skipped></testcase><testcase classname="backend.tests.test_feature_batch.TestReconcileResolve" name="test_resolve_accept" time="0.096" /><testcase classname="backend.tests.test_feature_batch.TestReconcileResolve" name="test_resolve_reenter_no_position" time="0.337" /><testcase classname="backend.tests.test_feature_batch.TestReconcileResolve" name="test_resolve_reexit_broker_flat" time="0.919" /><testcase classname="backend.tests.test_feature_batch.TestReconcileResolve" name="test_resolve_unknown_action" time="0.142" /><testcase classname="backend.tests.test_feature_batch.TestStopSquareOff" name="test_stop_with_square_off_flat" time="0.302" /><testcase classname="backend.tests.test_feature_batch.TestStopSquareOff" name="test_start_then_stop" time="0.814" /><testcase classname="backend.tests.test_feature_batch.TestPaperFillRegression" name="test_paper_orders_have_mode_paper" time="62.794"><skipped type="pytest.skip" message="No signal produced in 60s of SIM random walk - acceptable per spec">/app/backend/tests/test_feature_batch.py:188: No signal produced in 60s of SIM random walk - acceptable per spec</skipped></testcase></testsuite></testsuites>