<?xml version="1.0" encoding="utf-8"?><testsuites name="pytest tests"><testsuite name="pytest" errors="0" failures="0" skipped="0" tests="11" time="0.445" timestamp="2026-06-30T15:38:02.212077+00:00" hostname="agent-env-7a778524-3479-4ede-a5ac-0cfa92173160"><testcase classname="tests.test_auto_detect_manual_position" name="test_auto_detect_short_sets_pending_adoption" time="0.001" /><testcase classname="tests.test_auto_detect_manual_position" name="test_auto_detect_is_throttled_within_30s" time="0.001" /><testcase classname="tests.test_auto_detect_manual_position" name="test_auto_detect_throttle_blocks_even_if_pending_cleared" time="0.001" /><testcase classname="tests.test_auto_detect_manual_position" name="test_noop_when_already_tracking_position" time="0.000" /><testcase classname="tests.test_auto_detect_manual_position" name="test_noop_when_pending_adoption_already_set" time="0.000" /><testcase classname="tests.test_auto_detect_manual_position" name="test_noop_when_broker_disconnected" time="0.000" /><testcase classname="tests.test_auto_detect_manual_position" name="test_auto_detect_long_sets_pending_adoption_with_error" time="0.001" /><testcase classname="tests.test_auto_detect_manual_position" name="test_auto_detect_broker_flat_leaves_pending_none" time="0.001" /><testcase classname="tests.test_auto_detect_manual_position" name="test_auto_detect_broker_not_found_leaves_pending_none" time="0.001" /><testcase classname="tests.test_auto_detect_manual_position" name="test_pending_adoption_blocks_entries" time="0.001" /><testcase classname="tests.test_auto_detect_manual_position" name="test_adopt_promotes_pending_to_position_no_order" time="0.001" /></testsuite></testsuites>