<?xml version="1.0" encoding="utf-8"?><testsuites name="pytest tests"><testsuite name="pytest" errors="0" failures="0" skipped="1" tests="134" time="84.199" timestamp="2026-06-30T15:48:31.695788+00:00" hostname="agent-env-7a778524-3479-4ede-a5ac-0cfa92173160"><testcase classname="tests.test_adopt_on_start" name="test_on_start_with_broker_short_sets_pending_adoption" time="0.001" /><testcase classname="tests.test_adopt_on_start" name="test_entries_blocked_true_when_pending_adoption_set" time="0.000" /><testcase classname="tests.test_adopt_on_start" name="test_entries_blocked_false_when_no_pending_adoption" time="0.000" /><testcase classname="tests.test_adopt_on_start" name="test_entries_blocked_still_true_when_pending_adoption_declined" time="0.000" /><testcase classname="tests.test_adopt_on_start" name="test_adopt_confirm_short_promotes_to_engine_position" time="0.001" /><testcase classname="tests.test_adopt_on_start" name="test_adopt_decline_keeps_block_and_no_position" time="0.000" /><testcase classname="tests.test_adopt_on_start" name="test_on_start_with_broker_long_blocks_trading" time="0.001" /><testcase classname="tests.test_adopt_on_start" name="test_adopt_confirm_long_rejected" time="0.000" /><testcase classname="tests.test_adopt_on_start" name="test_on_start_with_broker_flat_proceeds_normally" time="0.001" /><testcase classname="tests.test_adopt_on_start" name="test_adopt_with_no_pending_returns_error" time="0.000" /><testcase classname="tests.test_adopt_on_start" name="test_reset_clears_pending_adoption" time="0.000" /><testcase classname="tests.test_adopt_on_start" name="test_snapshot_includes_pending_adoption_key" time="0.000" /><testcase classname="tests.test_adopt_on_start" name="test_snapshot_pending_adoption_is_none_by_default" time="0.000" /><testcase classname="tests.test_adopt_on_start" name="test_snapshot_has_all_legacy_keys" time="0.000" /><testcase classname="tests.test_adopt_on_start" name="test_api_state_includes_pending_adoption" time="0.003" /><testcase classname="tests.test_adopt_on_start" name="test_api_bot_adopt_routes_to_engine" time="0.002" /><testcase classname="tests.test_adopt_on_start" name="test_api_bot_adopt_decline" time="0.002" /><testcase classname="tests.test_adopt_on_start" name="test_api_bot_adopt_no_pending" time="0.001" /><testcase classname="tests.test_auto_detect_manual_position" name="test_auto_detect_short_sets_pending_adoption" time="0.001" /><testcase classname="tests.test_auto_detect_manual_position" name="test_auto_detect_is_throttled_within_30s" time="0.001" /><testcase classname="tests.test_auto_detect_manual_position" name="test_auto_detect_throttle_blocks_even_if_pending_cleared" time="0.001" /><testcase classname="tests.test_auto_detect_manual_position" name="test_noop_when_already_tracking_position" time="0.000" /><testcase classname="tests.test_auto_detect_manual_position" name="test_noop_when_pending_adoption_already_set" time="0.000" /><testcase classname="tests.test_auto_detect_manual_position" name="test_noop_when_broker_disconnected" time="0.000" /><testcase classname="tests.test_auto_detect_manual_position" name="test_auto_detect_long_sets_pending_adoption_with_error" time="0.001" /><testcase classname="tests.test_auto_detect_manual_position" name="test_auto_detect_broker_flat_leaves_pending_none" time="0.001" /><testcase classname="tests.test_auto_detect_manual_position" name="test_auto_detect_broker_not_found_leaves_pending_none" time="0.000" /><testcase classname="tests.test_auto_detect_manual_position" name="test_pending_adoption_blocks_entries" time="0.001" /><testcase classname="tests.test_auto_detect_manual_position" name="test_adopt_promotes_pending_to_position_no_order" time="0.001" /><testcase classname="tests.test_broker_pnl.TestBrokerPnlShape" name="test_state_200" time="0.164" /><testcase classname="tests.test_broker_pnl.TestBrokerPnlShape" name="test_state_has_risk_broker_pnl" time="0.118" /><testcase classname="tests.test_broker_pnl.TestBrokerPnlShape" name="test_state_day_pnl_and_max_loss_still_present" time="0.103" /><testcase classname="tests.test_broker_pnl.TestBrokerPnlSynced" name="test_synced_when_broker_connected" time="0.104" /><testcase classname="tests.test_broker_pnl.TestBrokerPnlThrottle" name="test_repeated_state_calls_no_500" time="6.133" /><testcase classname="tests.test_exit_retry_throttle.TestConstants" name="test_constants_have_safe_values" time="0.000" /><testcase classname="tests.test_exit_retry_throttle.TestExitRetryThrottle" name="test_throttle_spacing_far_smaller_than_ticks" time="1.206" /><testcase classname="tests.test_exit_retry_throttle.TestExitRetryCapAndHalt" name="test_cap_halts_with_alert_and_holds_position" time="0.604" /><testcase classname="tests.test_exit_retry_throttle.TestExitRetryCounterReset" name="test_reset_on_fresh_non_retry_exit_signal" time="0.001" /><testcase classname="tests.test_exit_retry_throttle.TestExitRetryCounterReset" name="test_no_reset_on_exit_retry_reason" time="0.001" /><testcase classname="tests.test_exit_retry_throttle.TestExitRetryCounterReset" name="test_reset_on_entry_fill" time="0.000" /><testcase classname="tests.test_exit_retry_throttle.TestExitRetryCounterReset" name="test_reset_on_exit_fill_success" time="0.002" /><testcase classname="tests.test_exit_retry_throttle.TestStateRegression" name="test_state_endpoint_still_returns_200_with_market_open" time="0.109" /><testcase classname="tests.test_exit_retry_throttle.TestLtpGuardRegression" name="test_ltp_garbage_ignored" time="0.002" /><testcase classname="tests.test_expiry_auto_roll.TestRollToNext" name="test_roll_picks_strictly_later_expiry" time="0.000" /><testcase classname="tests.test_expiry_auto_roll.TestRollToNext" name="test_roll_does_not_pick_current_or_earlier" time="0.000" /><testcase classname="tests.test_expiry_auto_roll.TestRollToNext" name="test_roll_no_next_available" time="0.000" /><testcase classname="tests.test_expiry_auto_roll.TestRollToNext" name="test_roll_ignores_other_underlyings" time="0.000" /><testcase classname="tests.test_expiry_auto_roll.TestRollToNext" name="test_roll_empty_futures_cache" time="0.000" /><testcase classname="tests.test_expiry_auto_roll.TestMaybeAutoRoll" name="test_rolls_on_expiry_day_after_cutoff_when_flat" time="0.001" /><testcase classname="tests.test_expiry_auto_roll.TestMaybeAutoRoll" name="test_does_not_roll_when_position_open" time="0.000" /><testcase classname="tests.test_expiry_auto_roll.TestMaybeAutoRoll" name="test_does_not_roll_when_pending_exit" time="0.000" /><testcase classname="tests.test_expiry_auto_roll.TestMaybeAutoRoll" name="test_does_not_roll_when_pending_entry" time="0.001" /><testcase classname="tests.test_expiry_auto_roll.TestMaybeAutoRoll" name="test_does_not_roll_on_expiry_day_before_cutoff" time="0.000" /><testcase classname="tests.test_expiry_auto_roll.TestMaybeAutoRoll" name="test_rolls_day_after_expiry" time="0.001" /><testcase classname="tests.test_expiry_auto_roll.TestMaybeAutoRoll" name="test_does_not_roll_when_auto_roll_disabled" time="0.001" /><testcase classname="tests.test_expiry_auto_roll.TestEntriesBlocked" name="test_blocked_on_expiry_day_after_cutoff" time="0.000" /><testcase classname="tests.test_expiry_auto_roll.TestEntriesBlocked" name="test_not_blocked_after_roll_next_month_contract" time="0.000" /><testcase classname="tests.test_expiry_auto_roll.TestEntriesBlocked" name="test_blocked_when_breaker_tripped" time="0.000" /><testcase classname="tests.test_expiry_auto_roll.TestStateRegression" name="test_get_state_returns_legacy_keys" time="0.097" /><testcase classname="tests.test_feature_batch.TestTradeMode" name="test_state_top_level_mode_field" time="0.442" /><testcase classname="tests.test_feature_batch.TestReconcile" name="test_reconcile_shape" time="0.971" /><testcase classname="tests.test_feature_batch.TestReconcile" name="test_reconcile_good_when_flat_and_connected" time="1.079" /><testcase classname="tests.test_feature_batch.TestReconcileResolve" name="test_resolve_accept" time="1.611" /><testcase classname="tests.test_feature_batch.TestReconcileResolve" name="test_resolve_reenter_no_position" time="0.334" /><testcase classname="tests.test_feature_batch.TestReconcileResolve" name="test_resolve_unknown_action" time="0.095" /><testcase classname="tests.test_feature_batch.TestStopSquareOff" name="test_stop_with_square_off_flat" time="0.315" /><testcase classname="tests.test_feature_batch.TestStopSquareOff" name="test_start_then_stop" time="0.805" /><testcase classname="tests.test_feature_batch.TestPaperFillRegression" name="test_paper_orders_have_mode_paper" time="62.687"><skipped type="pytest.skip" message="No signal produced in 60s of SIM random walk - acceptable per spec">/app/backend/tests/test_feature_batch.py:160: No signal produced in 60s of SIM random walk - acceptable per spec</skipped></testcase><testcase classname="tests.test_market_freeze.TestMarketOpenWindow" name="test_market_open_truth_table[mon-09:14:59-ist_dt0-False]" time="0.001" /><testcase classname="tests.test_market_freeze.TestMarketOpenWindow" name="test_market_open_truth_table[mon-09:15:00-ist_dt1-True]" time="0.000" /><testcase classname="tests.test_market_freeze.TestMarketOpenWindow" name="test_market_open_truth_table[mon-12:00:00-ist_dt2-True]" time="0.000" /><testcase classname="tests.test_market_freeze.TestMarketOpenWindow" name="test_market_open_truth_table[mon-15:30:00-ist_dt3-True]" time="0.000" /><testcase classname="tests.test_market_freeze.TestMarketOpenWindow" name="test_market_open_truth_table[mon-15:30:01-ist_dt4-False]" time="0.000" /><testcase classname="tests.test_market_freeze.TestMarketOpenWindow" name="test_market_open_truth_table[mon-15:31:00-ist_dt5-False]" time="0.000" /><testcase classname="tests.test_market_freeze.TestMarketOpenWindow" name="test_market_open_truth_table[mon-00:30:00-ist_dt6-False]" time="0.000" /><testcase classname="tests.test_market_freeze.TestMarketOpenWindow" name="test_market_open_truth_table[fri-10:00:00-ist_dt7-True]" time="0.000" /><testcase classname="tests.test_market_freeze.TestMarketOpenWindow" name="test_market_open_truth_table[sat-10:00:00-ist_dt8-False]" time="0.000" /><testcase classname="tests.test_market_freeze.TestMarketOpenWindow" name="test_market_open_truth_table[sun-12:00:00-ist_dt9-False]" time="0.000" /><testcase classname="tests.test_market_freeze.TestMarketClosedFreeze" name="test_freeze_holds_position_no_bricks_no_orders" time="0.403" /><testcase classname="tests.test_market_freeze.TestMarketOpenPathNoEntry" name="test_open_path_updates_ticks_without_placing_orders" time="0.303" /><testcase classname="tests.test_market_freeze.TestLtpGarbageGuard" name="test_zero_and_none_ltp_do_not_update_price" time="0.022" /><testcase classname="tests.test_market_freeze.TestStateMarketOpenField" name="test_state_has_market_open_boolean" time="0.089" /><testcase classname="tests.test_reconcile_sync" name="test_reconcile_good_when_bot_and_broker_match_flat" time="0.001" /><testcase classname="tests.test_reconcile_sync" name="test_reconcile_entry_missed" time="0.001" /><testcase classname="tests.test_reconcile_sync" name="test_reconcile_exit_missed" time="0.001" /><testcase classname="tests.test_reconcile_sync" name="test_accept_when_broker_flat_clears_stale_position" time="0.001" /><testcase classname="tests.test_reconcile_sync" name="test_accept_when_broker_has_position_adopts_it" time="0.001" /><testcase classname="tests.test_reconcile_sync" name="test_accept_when_get_net_position_not_found" time="0.001" /><testcase classname="tests.test_reconcile_sync" name="test_reenter_requires_bot_position" time="0.000" /><testcase classname="tests.test_reconcile_sync" name="test_reexit_requires_broker_position" time="0.001" /><testcase classname="tests.test_reconcile_sync" name="test_unknown_action_returns_error" time="0.000" /><testcase classname="tests.test_reconcile_sync" name="test_default_square_off_time_is_15_20" time="0.000" /><testcase classname="tests.test_reconcile_sync" name="test_state_endpoint_has_expected_keys" time="0.000" /><testcase classname="tests.test_rollover_position.TestRolloverArm" name="test_arms_when_setting_true_and_position_open" time="0.001" /><testcase classname="tests.test_rollover_position.TestRolloverArm" name="test_does_not_arm_when_setting_false" time="0.001" /><testcase classname="tests.test_rollover_position.TestRolloverArm" name="test_does_not_arm_when_auto_roll_false" time="0.001" /><testcase classname="tests.test_rollover_position.TestRolloverArm" name="test_not_armed_when_flat_at_expiry_cutoff" time="0.000" /><testcase classname="tests.test_rollover_position.TestRolloverEnter" name="test_re_enters_short_on_new_contract_when_armed" time="0.002" /><testcase classname="tests.test_rollover_position.TestRolloverEnter" name="test_skip_when_market_closed" time="0.001" /><testcase classname="tests.test_rollover_position.TestRolloverEnter" name="test_skip_when_not_armed" time="0.001" /><testcase classname="tests.test_rollover_position.TestRolloverEnter" name="test_skip_when_already_has_position" time="0.001" /><testcase classname="tests.test_rollover_position.TestReset" name="test_reset_clears_rollover_armed" time="0.000" /><testcase classname="tests.test_rollover_position.TestSettingsAPI" name="test_state_has_rollover_position_default_true" time="0.227" /><testcase classname="tests.test_rollover_position.TestSettingsAPI" name="test_can_persist_false_then_true" time="0.384" /><testcase classname="tests.test_rollover_position.TestSettingsAPI" name="test_settings_update_model_accepts_bool" time="0.204" /><testcase classname="tests.test_security_fixes.TestSec002Masking" name="test_state_returns_200_with_full_structure" time="0.092" /><testcase classname="tests.test_security_fixes.TestSec002Masking" name="test_angel_client_code_is_masked" time="0.041" /><testcase classname="tests.test_security_fixes.TestSec002Masking" name="test_angel_error_has_no_secrets_or_urls" time="0.045" /><testcase classname="tests.test_security_fixes.TestSec002Masking" name="test_order_log_has_no_raw_ip_or_url" time="0.047" /><testcase classname="tests.test_security_fixes.TestSec003ManualOrderCap" name="test_oversized_qty_rejected_pre_broker[999999]" time="0.218" /><testcase classname="tests.test_security_fixes.TestSec003ManualOrderCap" name="test_oversized_qty_rejected_pre_broker[5001]" time="0.180" /><testcase classname="tests.test_security_fixes.TestSec003ManualOrderCap" name="test_oversized_qty_rejected_pre_broker[10000]" time="0.129" /><testcase classname="tests.test_security_fixes.TestSec003ManualOrderCap" name="test_nonpositive_qty_rejected[0]" time="0.132" /><testcase classname="tests.test_security_fixes.TestSec003ManualOrderCap" name="test_nonpositive_qty_rejected[-5]" time="0.140" /><testcase classname="tests.test_security_fixes.TestSec003ManualOrderCap" name="test_non_numeric_qty_rejected" time="0.144" /><testcase classname="tests.test_security_fixes.TestSec003ManualOrderCap" name="test_invalid_side_rejected" time="0.134" /><testcase classname="tests.test_security_fixes.TestSec003SettingsBounds" name="test_out_of_range_returns_422[payload0]" time="0.046" /><testcase classname="tests.test_security_fixes.TestSec003SettingsBounds" name="test_out_of_range_returns_422[payload1]" time="0.048" /><testcase classname="tests.test_security_fixes.TestSec003SettingsBounds" name="test_out_of_range_returns_422[payload2]" time="0.055" /><testcase classname="tests.test_security_fixes.TestSec003SettingsBounds" name="test_out_of_range_returns_422[payload3]" time="0.042" /><testcase classname="tests.test_security_fixes.TestSec003SettingsBounds" name="test_out_of_range_returns_422[payload4]" time="0.046" /><testcase classname="tests.test_security_fixes.TestSec003SettingsBounds" name="test_out_of_range_returns_422[payload5]" time="0.042" /><testcase classname="tests.test_security_fixes.TestSec003SettingsBounds" name="test_out_of_range_returns_422[payload6]" time="0.041" /><testcase classname="tests.test_security_fixes.TestSec003SettingsBounds" name="test_out_of_range_returns_422[payload7]" time="0.048" /><testcase classname="tests.test_security_fixes.TestSec003SettingsBounds" name="test_out_of_range_returns_422[payload8]" time="0.044" /><testcase classname="tests.test_security_fixes.TestSec003SettingsBounds" name="test_out_of_range_returns_422[payload9]" time="0.040" /><testcase classname="tests.test_security_fixes.TestSec003SettingsBounds" name="test_valid_buffer_points_succeeds" time="0.189" /><testcase classname="tests.test_session_health_guard.TestDiscFlagInit" name="test_disc_flagged_is_false_at_init" time="0.000" /><testcase classname="tests.test_session_health_guard.TestDisconnectedPause" name="test_pause_no_orders_no_bricks_position_held" time="0.802" /><testcase classname="tests.test_session_health_guard.TestNoDuplicateDisconnectedAlerts" name="test_only_one_disconnected_alert_set" time="0.803" /><testcase classname="tests.test_session_health_guard.TestReconnectResume" name="test_reconnect_clears_flag_and_resumes" time="0.402" /><testcase classname="tests.test_session_health_guard.TestReconnectResume" name="test_single_reconnect_alert_on_transition" time="0.602" /><testcase classname="tests.test_session_health_guard.TestMarketClosedRegression" name="test_market_closed_freeze_unaffected" time="0.304" /><testcase classname="tests.test_session_health_guard.TestStateEndpointRegression" name="test_state_returns_200_with_legacy_keys" time="0.129" /></testsuite></testsuites>