<?xml version="1.0" encoding="utf-8"?><testsuites name="pytest tests"><testsuite name="pytest" errors="0" failures="0" skipped="0" tests="12" time="0.464" timestamp="2026-06-30T10:40:03.050014+00:00" hostname="agent-env-7a778524-3479-4ede-a5ac-0cfa92173160"><testcase classname="backend.tests.test_rollover_position.TestRolloverArm" name="test_arms_when_setting_true_and_position_open" time="0.001" /><testcase classname="backend.tests.test_rollover_position.TestRolloverArm" name="test_does_not_arm_when_setting_false" time="0.001" /><testcase classname="backend.tests.test_rollover_position.TestRolloverArm" name="test_does_not_arm_when_auto_roll_false" time="0.001" /><testcase classname="backend.tests.test_rollover_position.TestRolloverArm" name="test_not_armed_when_flat_at_expiry_cutoff" time="0.001" /><testcase classname="backend.tests.test_rollover_position.TestRolloverEnter" name="test_re_enters_short_on_new_contract_when_armed" time="0.004" /><testcase classname="backend.tests.test_rollover_position.TestRolloverEnter" name="test_skip_when_market_closed" time="0.002" /><testcase classname="backend.tests.test_rollover_position.TestRolloverEnter" name="test_skip_when_not_armed" time="0.001" /><testcase classname="backend.tests.test_rollover_position.TestRolloverEnter" name="test_skip_when_already_has_position" time="0.001" /><testcase classname="backend.tests.test_rollover_position.TestReset" name="test_reset_clears_rollover_armed" time="0.000" /><testcase classname="backend.tests.test_rollover_position.TestSettingsAPI" name="test_state_has_rollover_position_default_true" time="0.006" /><testcase classname="backend.tests.test_rollover_position.TestSettingsAPI" name="test_can_persist_false_then_true" time="0.007" /><testcase classname="backend.tests.test_rollover_position.TestSettingsAPI" name="test_settings_update_model_accepts_bool" time="0.005" /></testsuite></testsuites>