<?xml version="1.0" encoding="utf-8"?><testsuites name="pytest tests"><testsuite name="pytest" errors="0" failures="0" skipped="0" tests="11" time="0.428" timestamp="2026-06-30T10:56:59.060575+00:00" hostname="agent-env-7a778524-3479-4ede-a5ac-0cfa92173160"><testcase classname="tests.test_reconcile_sync" name="test_reconcile_good_when_bot_and_broker_match_flat" time="0.002" /><testcase classname="tests.test_reconcile_sync" name="test_reconcile_entry_missed" time="0.001" /><testcase classname="tests.test_reconcile_sync" name="test_reconcile_exit_missed" time="0.001" /><testcase classname="tests.test_reconcile_sync" name="test_accept_when_broker_flat_clears_stale_position" time="0.001" /><testcase classname="tests.test_reconcile_sync" name="test_accept_when_broker_has_position_adopts_it" time="0.001" /><testcase classname="tests.test_reconcile_sync" name="test_accept_when_get_net_position_not_found" time="0.001" /><testcase classname="tests.test_reconcile_sync" name="test_reenter_requires_bot_position" time="0.000" /><testcase classname="tests.test_reconcile_sync" name="test_reexit_requires_broker_position" time="0.001" /><testcase classname="tests.test_reconcile_sync" name="test_unknown_action_returns_error" time="0.000" /><testcase classname="tests.test_reconcile_sync" name="test_default_square_off_time_is_15_20" time="0.000" /><testcase classname="tests.test_reconcile_sync" name="test_state_endpoint_has_expected_keys" time="0.000" /></testsuite></testsuites>