<?xml version="1.0" encoding="utf-8"?><testsuites name="pytest tests"><testsuite name="pytest" errors="0" failures="8" skipped="1" tests="93" time="366.623" timestamp="2026-06-30T10:00:20.065430+00:00" hostname="agent-env-7a778524-3479-4ede-a5ac-0cfa92173160"><testcase classname="tests.test_broker_pnl.TestBrokerPnlShape" name="test_state_200" time="0.181" /><testcase classname="tests.test_broker_pnl.TestBrokerPnlShape" name="test_state_has_risk_broker_pnl" time="0.125" /><testcase classname="tests.test_broker_pnl.TestBrokerPnlShape" name="test_state_day_pnl_and_max_loss_still_present" time="0.154" /><testcase classname="tests.test_broker_pnl.TestBrokerPnlSynced" name="test_synced_when_broker_connected" time="0.093" /><testcase classname="tests.test_broker_pnl.TestBrokerPnlThrottle" name="test_repeated_state_calls_no_500" time="6.248" /><testcase classname="tests.test_exit_retry_throttle.TestConstants" name="test_constants_have_safe_values" time="0.000" /><testcase classname="tests.test_exit_retry_throttle.TestExitRetryThrottle" name="test_throttle_spacing_far_smaller_than_ticks" time="1.206" /><testcase classname="tests.test_exit_retry_throttle.TestExitRetryCapAndHalt" name="test_cap_halts_with_alert_and_holds_position" time="0.603" /><testcase classname="tests.test_exit_retry_throttle.TestExitRetryCounterReset" name="test_reset_on_fresh_non_retry_exit_signal" time="0.001" /><testcase classname="tests.test_exit_retry_throttle.TestExitRetryCounterReset" name="test_no_reset_on_exit_retry_reason" time="0.001" /><testcase classname="tests.test_exit_retry_throttle.TestExitRetryCounterReset" name="test_reset_on_entry_fill" time="0.000" /><testcase classname="tests.test_exit_retry_throttle.TestExitRetryCounterReset" name="test_reset_on_exit_fill_success" time="0.002" /><testcase classname="tests.test_exit_retry_throttle.TestStateRegression" name="test_state_endpoint_still_returns_200_with_market_open" time="0.103" /><testcase classname="tests.test_exit_retry_throttle.TestLtpGuardRegression" name="test_ltp_garbage_ignored" time="0.003" /><testcase classname="tests.test_expiry_auto_roll.TestRollToNext" name="test_roll_picks_strictly_later_expiry" time="0.000" /><testcase classname="tests.test_expiry_auto_roll.TestRollToNext" name="test_roll_does_not_pick_current_or_earlier" time="0.000" /><testcase classname="tests.test_expiry_auto_roll.TestRollToNext" name="test_roll_no_next_available" time="0.000" /><testcase classname="tests.test_expiry_auto_roll.TestRollToNext" name="test_roll_ignores_other_underlyings" time="0.000" /><testcase classname="tests.test_expiry_auto_roll.TestRollToNext" name="test_roll_empty_futures_cache" time="0.000" /><testcase classname="tests.test_expiry_auto_roll.TestMaybeAutoRoll" name="test_rolls_on_expiry_day_after_cutoff_when_flat" time="0.001" /><testcase classname="tests.test_expiry_auto_roll.TestMaybeAutoRoll" name="test_does_not_roll_when_position_open" time="0.000" /><testcase classname="tests.test_expiry_auto_roll.TestMaybeAutoRoll" name="test_does_not_roll_when_pending_exit" time="0.000" /><testcase classname="tests.test_expiry_auto_roll.TestMaybeAutoRoll" name="test_does_not_roll_when_pending_entry" time="0.001" /><testcase classname="tests.test_expiry_auto_roll.TestMaybeAutoRoll" name="test_does_not_roll_on_expiry_day_before_cutoff" time="0.000" /><testcase classname="tests.test_expiry_auto_roll.TestMaybeAutoRoll" name="test_rolls_day_after_expiry" time="0.001" /><testcase classname="tests.test_expiry_auto_roll.TestMaybeAutoRoll" name="test_does_not_roll_when_auto_roll_disabled" time="0.001" /><testcase classname="tests.test_expiry_auto_roll.TestEntriesBlocked" name="test_blocked_on_expiry_day_after_cutoff" time="0.000" /><testcase classname="tests.test_expiry_auto_roll.TestEntriesBlocked" name="test_not_blocked_after_roll_next_month_contract" time="0.000" /><testcase classname="tests.test_expiry_auto_roll.TestEntriesBlocked" name="test_blocked_when_breaker_tripped" time="0.000" /><testcase classname="tests.test_expiry_auto_roll.TestStateRegression" name="test_get_state_returns_legacy_keys" time="0.093" /><testcase classname="tests.test_feature_batch.TestTradeMode" name="test_set_paper_mode" time="0.386"><failure message="AssertionError: assert 'LIVE' == 'PAPER'&#10;  &#10;  - PAPER&#10;  + LIVE">E   AssertionError: assert 'LIVE' == 'PAPER'
      
      - PAPER
      + LIVE</failure></testcase><testcase classname="tests.test_feature_batch.TestTradeMode" name="test_set_live_mode_returns_well_formed_json" time="0.205" /><testcase classname="tests.test_feature_batch.TestTradeMode" name="test_state_top_level_mode_field" time="0.088" /><testcase classname="tests.test_feature_batch.TestReconcile" name="test_reconcile_shape" time="1.720" /><testcase classname="tests.test_feature_batch.TestReconcile" name="test_reconcile_good_when_flat_and_connected" time="1.140"><failure message="AssertionError: expected GOOD but got {'available': True, 'state': 'EXIT_MISSED', 'message': 'Angel One still shows an OPEN position but the bot is flat - the exit never executed. You can exit the trade again.', 'mode': 'LIVE', 'bot_position': None, 'broker_netqty': -65, 'broker_avgprice': 24034.2}&#10;assert 'EXIT_MISSED' == 'GOOD'&#10;  &#10;  - GOOD&#10;  + EXIT_MISSED">E   AssertionError: expected GOOD but got {'available': True, 'state': 'EXIT_MISSED', 'message': 'Angel One still shows an OPEN position but the bot is flat - the exit never executed. You can exit the trade again.', 'mode': 'LIVE', 'bot_position': None, 'broker_netqty': -65, 'broker_avgprice': 24034.2}
    assert 'EXIT_MISSED' == 'GOOD'
      
      - GOOD
      + EXIT_MISSED</failure></testcase><testcase classname="tests.test_feature_batch.TestReconcileResolve" name="test_resolve_accept" time="0.108" /><testcase classname="tests.test_feature_batch.TestReconcileResolve" name="test_resolve_reenter_no_position" time="0.301" /><testcase classname="tests.test_feature_batch.TestReconcileResolve" name="test_resolve_reexit_broker_flat" time="1.003"><failure message="AssertionError: assert True is False&#10; +  where True = &lt;built-in method get of dict object at 0xfe21a058f200&gt;('ok')&#10; +    where &lt;built-in method get of dict object at 0xfe21a058f200&gt; = {'ok': True, 'message': 'Exit order placed to flatten the broker position.'}.get">E   AssertionError: assert True is False
     +  where True = &lt;built-in method get of dict object at 0xfe21a058f200&gt;('ok')
     +    where &lt;built-in method get of dict object at 0xfe21a058f200&gt; = {'ok': True, 'message': 'Exit order placed to flatten the broker position.'}.get</failure></testcase><testcase classname="tests.test_feature_batch.TestReconcileResolve" name="test_resolve_unknown_action" time="0.099" /><testcase classname="tests.test_feature_batch.TestStopSquareOff" name="test_stop_with_square_off_flat" time="0.290" /><testcase classname="tests.test_feature_batch.TestStopSquareOff" name="test_start_then_stop" time="0.807" /><testcase classname="tests.test_feature_batch.TestPaperFillRegression" name="test_paper_orders_have_mode_paper" time="62.378"><skipped type="pytest.skip" message="No signal produced in 60s of SIM random walk - acceptable per spec">/app/backend/tests/test_feature_batch.py:188: No signal produced in 60s of SIM random walk - acceptable per spec</skipped></testcase><testcase classname="tests.test_market_freeze.TestMarketOpenWindow" name="test_market_open_truth_table[mon-09:14:59-ist_dt0-False]" time="0.001" /><testcase classname="tests.test_market_freeze.TestMarketOpenWindow" name="test_market_open_truth_table[mon-09:15:00-ist_dt1-True]" time="0.000" /><testcase classname="tests.test_market_freeze.TestMarketOpenWindow" name="test_market_open_truth_table[mon-12:00:00-ist_dt2-True]" time="0.000" /><testcase classname="tests.test_market_freeze.TestMarketOpenWindow" name="test_market_open_truth_table[mon-15:30:00-ist_dt3-True]" time="0.000" /><testcase classname="tests.test_market_freeze.TestMarketOpenWindow" name="test_market_open_truth_table[mon-15:30:01-ist_dt4-False]" time="0.000" /><testcase classname="tests.test_market_freeze.TestMarketOpenWindow" name="test_market_open_truth_table[mon-15:31:00-ist_dt5-False]" time="0.000" /><testcase classname="tests.test_market_freeze.TestMarketOpenWindow" name="test_market_open_truth_table[mon-00:30:00-ist_dt6-False]" time="0.000" /><testcase classname="tests.test_market_freeze.TestMarketOpenWindow" name="test_market_open_truth_table[fri-10:00:00-ist_dt7-True]" time="0.000" /><testcase classname="tests.test_market_freeze.TestMarketOpenWindow" name="test_market_open_truth_table[sat-10:00:00-ist_dt8-False]" time="0.000" /><testcase classname="tests.test_market_freeze.TestMarketOpenWindow" name="test_market_open_truth_table[sun-12:00:00-ist_dt9-False]" time="0.000" /><testcase classname="tests.test_market_freeze.TestMarketClosedFreeze" name="test_freeze_holds_position_no_bricks_no_orders" time="0.403" /><testcase classname="tests.test_market_freeze.TestMarketOpenPathNoEntry" name="test_open_path_updates_ticks_without_placing_orders" time="0.303" /><testcase classname="tests.test_market_freeze.TestLtpGarbageGuard" name="test_zero_and_none_ltp_do_not_update_price" time="0.003" /><testcase classname="tests.test_market_freeze.TestStateMarketOpenField" name="test_state_has_market_open_boolean" time="0.092" /><testcase classname="tests.test_renko_bot.TestState" name="test_state_keys" time="0.193"><failure message="AssertionError: assert 'LIVE' == 'DEMO'&#10;  &#10;  - DEMO&#10;  + LIVE">E   AssertionError: assert 'LIVE' == 'DEMO'
      
      - DEMO
      + LIVE</failure></testcase><testcase classname="tests.test_renko_bot.TestSettings" name="test_update_settings" time="0.093" /><testcase classname="tests.test_renko_bot.TestBotStartPriceMoves" name="test_start_and_price_change" time="5.136"><failure message="AssertionError: price did not change after 5s (24500.0 -&gt; 24500.0)&#10;assert 24500.0 != 24500.0">E   AssertionError: price did not change after 5s (24500.0 -&gt; 24500.0)
    assert 24500.0 != 24500.0</failure></testcase><testcase classname="tests.test_renko_bot.TestBricksBuild" name="test_bricks_grow" time="90.289"><failure message="AssertionError: no bricks formed within 90s&#10;assert 0 &gt;= 1&#10; +  where 0 = len([])">E   AssertionError: no bricks formed within 90s
    assert 0 &gt;= 1
     +  where 0 = len([])</failure></testcase><testcase classname="tests.test_renko_bot.TestStrategyFlow" name="test_short_entry_buffer_and_exit" time="180.138"><failure message="AssertionError: no SHORT entry SELL order in 180s&#10;assert None is not None">E   AssertionError: no SHORT entry SELL order in 180s
    assert None is not None</failure></testcase><testcase classname="tests.test_renko_bot.TestOrderRetry" name="test_all_orders_eventually_complete" time="7.086" /><testcase classname="tests.test_renko_bot.TestAngelConfig" name="test_angel_remains_demo" time="0.046"><failure message="assert 404 == 200&#10; +  where 404 = &lt;Response [404]&gt;.status_code">E   assert 404 == 200
     +  where 404 = &lt;Response [404]&gt;.status_code</failure></testcase><testcase classname="tests.test_renko_bot.TestReset" name="test_reset_clears" time="0.181" /><testcase classname="tests.test_security_fixes.TestSec002Masking" name="test_state_returns_200_with_full_structure" time="0.096" /><testcase classname="tests.test_security_fixes.TestSec002Masking" name="test_angel_client_code_is_masked" time="0.046" /><testcase classname="tests.test_security_fixes.TestSec002Masking" name="test_angel_error_has_no_secrets_or_urls" time="0.043" /><testcase classname="tests.test_security_fixes.TestSec002Masking" name="test_order_log_has_no_raw_ip_or_url" time="0.044" /><testcase classname="tests.test_security_fixes.TestSec003ManualOrderCap" name="test_oversized_qty_rejected_pre_broker[999999]" time="0.138" /><testcase classname="tests.test_security_fixes.TestSec003ManualOrderCap" name="test_oversized_qty_rejected_pre_broker[5001]" time="0.137" /><testcase classname="tests.test_security_fixes.TestSec003ManualOrderCap" name="test_oversized_qty_rejected_pre_broker[10000]" time="0.134" /><testcase classname="tests.test_security_fixes.TestSec003ManualOrderCap" name="test_nonpositive_qty_rejected[0]" time="0.137" /><testcase classname="tests.test_security_fixes.TestSec003ManualOrderCap" name="test_nonpositive_qty_rejected[-5]" time="0.134" /><testcase classname="tests.test_security_fixes.TestSec003ManualOrderCap" name="test_non_numeric_qty_rejected" time="0.158" /><testcase classname="tests.test_security_fixes.TestSec003ManualOrderCap" name="test_invalid_side_rejected" time="0.138" /><testcase classname="tests.test_security_fixes.TestSec003SettingsBounds" name="test_out_of_range_returns_422[payload0]" time="0.049" /><testcase classname="tests.test_security_fixes.TestSec003SettingsBounds" name="test_out_of_range_returns_422[payload1]" time="0.048" /><testcase classname="tests.test_security_fixes.TestSec003SettingsBounds" name="test_out_of_range_returns_422[payload2]" time="0.043" /><testcase classname="tests.test_security_fixes.TestSec003SettingsBounds" name="test_out_of_range_returns_422[payload3]" time="0.044" /><testcase classname="tests.test_security_fixes.TestSec003SettingsBounds" name="test_out_of_range_returns_422[payload4]" time="0.044" /><testcase classname="tests.test_security_fixes.TestSec003SettingsBounds" name="test_out_of_range_returns_422[payload5]" time="0.043" /><testcase classname="tests.test_security_fixes.TestSec003SettingsBounds" name="test_out_of_range_returns_422[payload6]" time="0.041" /><testcase classname="tests.test_security_fixes.TestSec003SettingsBounds" name="test_out_of_range_returns_422[payload7]" time="0.042" /><testcase classname="tests.test_security_fixes.TestSec003SettingsBounds" name="test_out_of_range_returns_422[payload8]" time="0.041" /><testcase classname="tests.test_security_fixes.TestSec003SettingsBounds" name="test_out_of_range_returns_422[payload9]" time="0.041" /><testcase classname="tests.test_security_fixes.TestSec003SettingsBounds" name="test_valid_buffer_points_succeeds" time="0.171" /><testcase classname="tests.test_session_health_guard.TestDiscFlagInit" name="test_disc_flagged_is_false_at_init" time="0.000" /><testcase classname="tests.test_session_health_guard.TestDisconnectedPause" name="test_pause_no_orders_no_bricks_position_held" time="0.803" /><testcase classname="tests.test_session_health_guard.TestNoDuplicateDisconnectedAlerts" name="test_only_one_disconnected_alert_set" time="0.802" /><testcase classname="tests.test_session_health_guard.TestReconnectResume" name="test_reconnect_clears_flag_and_resumes" time="0.403" /><testcase classname="tests.test_session_health_guard.TestReconnectResume" name="test_single_reconnect_alert_on_transition" time="0.603" /><testcase classname="tests.test_session_health_guard.TestMarketClosedRegression" name="test_market_closed_freeze_unaffected" time="0.303" /><testcase classname="tests.test_session_health_guard.TestStateEndpointRegression" name="test_state_returns_200_with_legacy_keys" time="0.116" /></testsuite></testsuites>