<?xml version="1.0" encoding="utf-8"?><testsuites name="pytest tests"><testsuite name="pytest" errors="0" failures="0" skipped="0" tests="9" time="2.593" timestamp="2026-06-25T15:09:21.705724+00:00" hostname="agent-env-7a778524-3479-4ede-a5ac-0cfa92173160"><testcase classname="backend.tests.test_exit_retry_throttle.TestConstants" name="test_constants_have_safe_values" time="0.001" /><testcase classname="backend.tests.test_exit_retry_throttle.TestExitRetryThrottle" name="test_throttle_spacing_far_smaller_than_ticks" time="1.206" /><testcase classname="backend.tests.test_exit_retry_throttle.TestExitRetryCapAndHalt" name="test_cap_halts_with_alert_and_holds_position" time="0.604" /><testcase classname="backend.tests.test_exit_retry_throttle.TestExitRetryCounterReset" name="test_reset_on_fresh_non_retry_exit_signal" time="0.001" /><testcase classname="backend.tests.test_exit_retry_throttle.TestExitRetryCounterReset" name="test_no_reset_on_exit_retry_reason" time="0.001" /><testcase classname="backend.tests.test_exit_retry_throttle.TestExitRetryCounterReset" name="test_reset_on_entry_fill" time="0.000" /><testcase classname="backend.tests.test_exit_retry_throttle.TestExitRetryCounterReset" name="test_reset_on_exit_fill_success" time="0.002" /><testcase classname="backend.tests.test_exit_retry_throttle.TestStateRegression" name="test_state_endpoint_still_returns_200_with_market_open" time="0.307" /><testcase classname="backend.tests.test_exit_retry_throttle.TestLtpGuardRegression" name="test_ltp_garbage_ignored" time="0.002" /></testsuite></testsuites>