<?xml version="1.0" encoding="utf-8"?><testsuites name="pytest tests"><testsuite name="pytest" errors="0" failures="0" skipped="0" tests="6" time="6.140" timestamp="2026-07-15T23:45:20.174492+00:00" hostname="agent-env-7a778524-3479-4ede-a5ac-0cfa92173160"><testcase classname="backend.tests.test_chop_filter_flow.TestLogin" name="test_login_returns_jwt" time="0.343" /><testcase classname="backend.tests.test_chop_filter_flow.TestLogin" name="test_login_bad_password" time="0.359" /><testcase classname="backend.tests.test_chop_filter_flow.TestStateFields" name="test_state_exposes_chop_and_entry_fields" time="0.142" /><testcase classname="backend.tests.test_chop_filter_flow.TestSettingsPersist" name="test_update_and_reset_chop_settings" time="3.812" /><testcase classname="backend.tests.test_chop_filter_flow.TestSettingsValidation" name="test_reject_out_of_range" time="0.826" /><testcase classname="backend.tests.test_chop_filter_flow.TestSettingsValidation" name="test_reject_each_individually" time="0.600" /></testsuite></testsuites>